[15:40:43] [ServerMain/INFO]: Environment: authHost='https://authserver.mojang.com', accountsHost='https://api.mojang.com', sessionHost='https://sessionserver.mojang.com', servicesHost='https://api.minecraftservices.com', name='PROD'
[15:40:46] [Worker-Main-4/INFO]: Loaded 7 recipes
[15:40:48] [Server thread/INFO]: Starting minecraft server version 1.18.2
[15:40:48] [Server thread/INFO]: Loading properties
[15:40:48] [Server thread/INFO]: This server is running CraftBukkit version 3462-Spigot-ffceeae-2c47af0 (MC: 1.18.2) (Implementing API version 1.18.2-R0.1-SNAPSHOT)
[15:40:48] [Server thread/INFO]: Debug logging is disabled
[15:40:48] [Server thread/INFO]: Server Ping Player Sample Count: 12
[15:40:48] [Server thread/INFO]: Using 4 threads for Netty based IO
[15:40:48] [Server thread/INFO]: Default game type: SURVIVAL
[15:40:48] [Server thread/INFO]: Generating keypair
[15:40:49] [Server thread/INFO]: Starting Minecraft server on *:25565
[15:40:49] [Server thread/INFO]: Using epoll channel type
[15:40:50] [Server thread/INFO]: [WorldEdit] Loading WorldEdit v7.2.5+57d5ac9
[15:40:51] [Server thread/INFO]: Got request to register class com.sk89q.worldedit.bukkit.BukkitServerInterface with WorldEdit [com.sk89q.worldedit.extension.platform.PlatformManager@63fdb9b5]
[15:40:51] [Server thread/INFO]: [GroupManager] Loading GroupManager v2.9 (Phoenix)
[15:40:51] [Server thread/INFO]: [WorldEdit] Enabling WorldEdit v7.2.5+57d5ac9
[15:40:51] [Server thread/WARN]: [WorldEdit] Loaded class org.anjocaido.groupmanager.dataholder.worlds.WorldsHolder from GroupManager v2.9 (Phoenix) which is not a depend or softdepend of this plugin.
[15:40:51] [Server thread/INFO]: WEPIF: Using the Bukkit Permissions API.
[15:40:51] [Server thread/WARN]: 
**********************************************
** This WorldEdit version does not fully support your version of Bukkit.
**
** When working with blocks or undoing, chests will be empty, signs
** will be blank, and so on. There will be no support for entity
** and block property-related functions.
**
** Please see https://worldedit.enginehub.org/en/latest/faq/#bukkit-adapters
**********************************************

[15:40:52] [Server thread/INFO]: [WorldEdit] ====================================================
[15:40:52] [Server thread/INFO]: [WorldEdit]  WorldEdit works better if you use Paper 
[15:40:52] [Server thread/INFO]: [WorldEdit]  as your server software. 
[15:40:52] [Server thread/INFO]: [WorldEdit]   
[15:40:52] [Server thread/INFO]: [WorldEdit]  Paper offers significant performance improvements,
[15:40:52] [Server thread/INFO]: [WorldEdit]  bug fixes, security enhancements and optional
[15:40:52] [Server thread/INFO]: [WorldEdit]  features for server owners to enhance their server.
[15:40:52] [Server thread/INFO]: [WorldEdit]   
[15:40:52] [Server thread/INFO]: [WorldEdit]  Paper includes Timings v2, which is significantly
[15:40:52] [Server thread/INFO]: [WorldEdit]  better at diagnosing lag problems over v1.
[15:40:52] [Server thread/INFO]: [WorldEdit]   
[15:40:52] [Server thread/INFO]: [WorldEdit]  All of your plugins should still work, and the
[15:40:52] [Server thread/INFO]: [WorldEdit]  Paper community will gladly help you fix any issues.
[15:40:52] [Server thread/INFO]: [WorldEdit]   
[15:40:52] [Server thread/INFO]: [WorldEdit]  Join the Paper Community @ https://papermc.io
[15:40:52] [Server thread/INFO]: [WorldEdit] ====================================================
[15:40:52] [Server thread/INFO]: Preparing level "world"
[15:40:53] [Server thread/INFO]: -------- World Settings For [world] --------
[15:40:53] [Server thread/INFO]: Entity Activation Range: An 32 / Mo 32 / Ra 48 / Mi 16 / Tiv true / Isa false
[15:40:53] [Server thread/INFO]: Entity Tracking Range: Pl 48 / An 48 / Mo 48 / Mi 32 / Other 64
[15:40:53] [Server thread/INFO]: Hopper Transfer: 8 Hopper Check: 1 Hopper Amount: 1
[15:40:53] [Server thread/INFO]: Custom Map Seeds:  Village: 10387312 Desert: 14357617 Igloo: 14357618 Jungle: 14357619 Swamp: 14357620 Monument: 10387313 Ocean: 14357621 Shipwreck: 165745295 End City: 10387313 Slime: 987234911 Nether: 30084232 Mansion: 10387319 Fossil: 14357921 Portal: 34222645
[15:40:53] [Server thread/INFO]: Max TNT Explosions: 100
[15:40:53] [Server thread/INFO]: Tile Max Tick Time: 50ms Entity max Tick Time: 50ms
[15:40:53] [Server thread/INFO]: Cactus Growth Modifier: 100%
[15:40:53] [Server thread/INFO]: Cane Growth Modifier: 100%
[15:40:53] [Server thread/INFO]: Melon Growth Modifier: 100%
[15:40:53] [Server thread/INFO]: Mushroom Growth Modifier: 100%
[15:40:53] [Server thread/INFO]: Pumpkin Growth Modifier: 100%
[15:40:53] [Server thread/INFO]: Sapling Growth Modifier: 100%
[15:40:53] [Server thread/INFO]: Beetroot Growth Modifier: 100%
[15:40:53] [Server thread/INFO]: Carrot Growth Modifier: 100%
[15:40:53] [Server thread/INFO]: Potato Growth Modifier: 100%
[15:40:53] [Server thread/INFO]: Wheat Growth Modifier: 100%
[15:40:53] [Server thread/INFO]: NetherWart Growth Modifier: 100%
[15:40:53] [Server thread/INFO]: Vine Growth Modifier: 100%
[15:40:53] [Server thread/INFO]: Cocoa Growth Modifier: 100%
[15:40:53] [Server thread/INFO]: Bamboo Growth Modifier: 100%
[15:40:53] [Server thread/INFO]: SweetBerry Growth Modifier: 100%
[15:40:53] [Server thread/INFO]: Kelp Growth Modifier: 100%
[15:40:53] [Server thread/INFO]: Experience Merge Radius: 3.0
[15:40:53] [Server thread/INFO]: Mob Spawn Range: 6
[15:40:53] [Server thread/INFO]: Item Despawn Rate: 6000
[15:40:53] [Server thread/INFO]: Item Merge Radius: 2.5
[15:40:53] [Server thread/INFO]: View Distance: 10
[15:40:53] [Server thread/INFO]: Simulation Distance: 10
[15:40:53] [Server thread/INFO]: Allow Zombie Pigmen to spawn from portal blocks: true
[15:40:53] [Server thread/INFO]: Arrow Despawn Rate: 1200 Trident Respawn Rate:1200
[15:40:53] [Server thread/INFO]: Zombie Aggressive Towards Villager: true
[15:40:53] [Server thread/INFO]: Nerfing mobs spawned from spawners: false
[15:40:53] [Server thread/INFO]: Registering commands with com.sk89q.worldedit.bukkit.BukkitServerInterface
[15:40:54] [Server thread/INFO]: -------- World Settings For [world_nether] --------
[15:40:54] [Server thread/INFO]: Entity Activation Range: An 32 / Mo 32 / Ra 48 / Mi 16 / Tiv true / Isa false
[15:40:54] [Server thread/INFO]: Entity Tracking Range: Pl 48 / An 48 / Mo 48 / Mi 32 / Other 64
[15:40:54] [Server thread/INFO]: Hopper Transfer: 8 Hopper Check: 1 Hopper Amount: 1
[15:40:54] [Server thread/INFO]: Custom Map Seeds:  Village: 10387312 Desert: 14357617 Igloo: 14357618 Jungle: 14357619 Swamp: 14357620 Monument: 10387313 Ocean: 14357621 Shipwreck: 165745295 End City: 10387313 Slime: 987234911 Nether: 30084232 Mansion: 10387319 Fossil: 14357921 Portal: 34222645
[15:40:54] [Server thread/INFO]: Max TNT Explosions: 100
[15:40:54] [Server thread/INFO]: Tile Max Tick Time: 50ms Entity max Tick Time: 50ms
[15:40:54] [Server thread/INFO]: Cactus Growth Modifier: 100%
[15:40:54] [Server thread/INFO]: Cane Growth Modifier: 100%
[15:40:54] [Server thread/INFO]: Melon Growth Modifier: 100%
[15:40:54] [Server thread/INFO]: Mushroom Growth Modifier: 100%
[15:40:54] [Server thread/INFO]: Pumpkin Growth Modifier: 100%
[15:40:54] [Server thread/INFO]: Sapling Growth Modifier: 100%
[15:40:54] [Server thread/INFO]: Beetroot Growth Modifier: 100%
[15:40:54] [Server thread/INFO]: Carrot Growth Modifier: 100%
[15:40:54] [Server thread/INFO]: Potato Growth Modifier: 100%
[15:40:54] [Server thread/INFO]: Wheat Growth Modifier: 100%
[15:40:54] [Server thread/INFO]: NetherWart Growth Modifier: 100%
[15:40:54] [Server thread/INFO]: Vine Growth Modifier: 100%
[15:40:54] [Server thread/INFO]: Cocoa Growth Modifier: 100%
[15:40:54] [Server thread/INFO]: Bamboo Growth Modifier: 100%
[15:40:54] [Server thread/INFO]: SweetBerry Growth Modifier: 100%
[15:40:54] [Server thread/INFO]: Kelp Growth Modifier: 100%
[15:40:54] [Server thread/INFO]: Experience Merge Radius: 3.0
[15:40:54] [Server thread/INFO]: Mob Spawn Range: 6
[15:40:54] [Server thread/INFO]: Item Despawn Rate: 6000
[15:40:54] [Server thread/INFO]: Item Merge Radius: 2.5
[15:40:54] [Server thread/INFO]: View Distance: 10
[15:40:54] [Server thread/INFO]: Simulation Distance: 10
[15:40:54] [Server thread/INFO]: Allow Zombie Pigmen to spawn from portal blocks: true
[15:40:54] [Server thread/INFO]: Arrow Despawn Rate: 1200 Trident Respawn Rate:1200
[15:40:54] [Server thread/INFO]: Zombie Aggressive Towards Villager: true
[15:40:54] [Server thread/INFO]: Nerfing mobs spawned from spawners: false
[15:40:54] [Server thread/INFO]: -------- World Settings For [world_the_end] --------
[15:40:54] [Server thread/INFO]: Entity Activation Range: An 32 / Mo 32 / Ra 48 / Mi 16 / Tiv true / Isa false
[15:40:54] [Server thread/INFO]: Entity Tracking Range: Pl 48 / An 48 / Mo 48 / Mi 32 / Other 64
[15:40:54] [Server thread/INFO]: Hopper Transfer: 8 Hopper Check: 1 Hopper Amount: 1
[15:40:54] [Server thread/INFO]: Custom Map Seeds:  Village: 10387312 Desert: 14357617 Igloo: 14357618 Jungle: 14357619 Swamp: 14357620 Monument: 10387313 Ocean: 14357621 Shipwreck: 165745295 End City: 10387313 Slime: 987234911 Nether: 30084232 Mansion: 10387319 Fossil: 14357921 Portal: 34222645
[15:40:54] [Server thread/INFO]: Max TNT Explosions: 100
[15:40:54] [Server thread/INFO]: Tile Max Tick Time: 50ms Entity max Tick Time: 50ms
[15:40:54] [Server thread/INFO]: Cactus Growth Modifier: 100%
[15:40:54] [Server thread/INFO]: Cane Growth Modifier: 100%
[15:40:54] [Server thread/INFO]: Melon Growth Modifier: 100%
[15:40:54] [Server thread/INFO]: Mushroom Growth Modifier: 100%
[15:40:54] [Server thread/INFO]: Pumpkin Growth Modifier: 100%
[15:40:54] [Server thread/INFO]: Sapling Growth Modifier: 100%
[15:40:54] [Server thread/INFO]: Beetroot Growth Modifier: 100%
[15:40:54] [Server thread/INFO]: Carrot Growth Modifier: 100%
[15:40:54] [Server thread/INFO]: Potato Growth Modifier: 100%
[15:40:54] [Server thread/INFO]: Wheat Growth Modifier: 100%
[15:40:54] [Server thread/INFO]: NetherWart Growth Modifier: 100%
[15:40:54] [Server thread/INFO]: Vine Growth Modifier: 100%
[15:40:54] [Server thread/INFO]: Cocoa Growth Modifier: 100%
[15:40:54] [Server thread/INFO]: Bamboo Growth Modifier: 100%
[15:40:54] [Server thread/INFO]: SweetBerry Growth Modifier: 100%
[15:40:54] [Server thread/INFO]: Kelp Growth Modifier: 100%
[15:40:54] [Server thread/INFO]: Experience Merge Radius: 3.0
[15:40:54] [Server thread/INFO]: Mob Spawn Range: 6
[15:40:54] [Server thread/INFO]: Item Despawn Rate: 6000
[15:40:54] [Server thread/INFO]: Item Merge Radius: 2.5
[15:40:54] [Server thread/INFO]: View Distance: 10
[15:40:54] [Server thread/INFO]: Simulation Distance: 10
[15:40:54] [Server thread/INFO]: Allow Zombie Pigmen to spawn from portal blocks: true
[15:40:54] [Server thread/INFO]: Arrow Despawn Rate: 1200 Trident Respawn Rate:1200
[15:40:54] [Server thread/INFO]: Zombie Aggressive Towards Villager: true
[15:40:54] [Server thread/INFO]: Nerfing mobs spawned from spawners: false
[15:40:54] [Server thread/INFO]: Preparing start region for dimension minecraft:overworld
[15:40:56] [Worker-Main-5/INFO]: Preparing spawn area: 0%
[15:40:56] [Worker-Main-5/INFO]: Preparing spawn area: 0%
[15:40:57] [Worker-Main-5/INFO]: Preparing spawn area: 0%
[15:40:57] [Worker-Main-5/INFO]: Preparing spawn area: 0%
[15:40:57] [Worker-Main-6/INFO]: Preparing spawn area: 0%
[15:40:57] [Worker-Main-5/INFO]: Preparing spawn area: 0%
[15:40:57] [Worker-Main-6/INFO]: Preparing spawn area: 0%
[15:40:57] [Worker-Main-5/INFO]: Preparing spawn area: 0%
[15:40:58] [Worker-Main-5/INFO]: Preparing spawn area: 0%
[15:40:58] [Worker-Main-5/INFO]: Preparing spawn area: 0%
[15:40:59] [Worker-Main-6/INFO]: Preparing spawn area: 0%
[15:41:00] [Worker-Main-6/INFO]: Preparing spawn area: 0%
[15:41:00] [Worker-Main-5/INFO]: Preparing spawn area: 0%
[15:41:00] [Worker-Main-5/INFO]: Preparing spawn area: 0%
[15:41:01] [Worker-Main-6/INFO]: Preparing spawn area: 0%
[15:41:01] [Worker-Main-5/INFO]: Preparing spawn area: 1%
[15:41:02] [Worker-Main-5/INFO]: Preparing spawn area: 3%
[15:41:02] [Worker-Main-5/INFO]: Preparing spawn area: 4%
[15:41:03] [Worker-Main-5/INFO]: Preparing spawn area: 5%
[15:41:03] [Worker-Main-5/INFO]: Preparing spawn area: 6%
[15:41:04] [Worker-Main-5/INFO]: Preparing spawn area: 9%
[15:41:04] [Worker-Main-5/INFO]: Preparing spawn area: 9%
[15:41:05] [Worker-Main-4/INFO]: Preparing spawn area: 9%
[15:41:05] [Worker-Main-4/INFO]: Preparing spawn area: 9%
[15:41:06] [Worker-Main-5/INFO]: Preparing spawn area: 9%
[15:41:06] [Worker-Main-6/INFO]: Preparing spawn area: 12%
[15:41:07] [Worker-Main-4/INFO]: Preparing spawn area: 12%
[15:41:07] [Worker-Main-5/INFO]: Preparing spawn area: 12%
[15:41:08] [Worker-Main-6/INFO]: Preparing spawn area: 18%
[15:41:08] [Worker-Main-5/INFO]: Preparing spawn area: 20%
[15:41:09] [Worker-Main-5/INFO]: Preparing spawn area: 22%
[15:41:09] [Worker-Main-4/INFO]: Preparing spawn area: 33%
[15:41:10] [Worker-Main-4/INFO]: Preparing spawn area: 34%
[15:41:11] [Worker-Main-5/INFO]: Preparing spawn area: 36%
[15:41:11] [Worker-Main-5/INFO]: Preparing spawn area: 40%
[15:41:11] [Worker-Main-6/INFO]: Preparing spawn area: 50%
[15:41:12] [Worker-Main-4/INFO]: Preparing spawn area: 61%
[15:41:12] [Worker-Main-5/INFO]: Preparing spawn area: 69%
[15:41:13] [Worker-Main-5/INFO]: Preparing spawn area: 78%
[15:41:13] [Worker-Main-6/INFO]: Preparing spawn area: 91%
[15:41:14] [Server thread/INFO]: Time elapsed: 20327 ms
[15:41:14] [Server thread/INFO]: Preparing start region for dimension minecraft:the_nether
[15:41:16] [Worker-Main-4/INFO]: Preparing spawn area: 0%
[15:41:16] [Worker-Main-5/INFO]: Preparing spawn area: 0%
[15:41:16] [Worker-Main-6/INFO]: Preparing spawn area: 0%
[15:41:16] [Worker-Main-5/INFO]: Preparing spawn area: 0%
[15:41:16] [Worker-Main-4/INFO]: Preparing spawn area: 0%
[15:41:17] [Worker-Main-6/INFO]: Preparing spawn area: 0%
[15:41:17] [Worker-Main-5/INFO]: Preparing spawn area: 0%
[15:41:18] [Worker-Main-5/INFO]: Preparing spawn area: 0%
[15:41:18] [Worker-Main-6/INFO]: Preparing spawn area: 0%
[15:41:19] [Worker-Main-5/INFO]: Preparing spawn area: 0%
[15:41:19] [Worker-Main-5/INFO]: Preparing spawn area: 1%
[15:41:20] [Worker-Main-4/INFO]: Preparing spawn area: 4%
[15:41:20] [Worker-Main-4/INFO]: Preparing spawn area: 4%
[15:41:21] [Worker-Main-4/INFO]: Preparing spawn area: 4%
[15:41:21] [Worker-Main-5/INFO]: Preparing spawn area: 4%
[15:41:22] [Worker-Main-5/INFO]: Preparing spawn area: 6%
[15:41:22] [Worker-Main-5/INFO]: Preparing spawn area: 8%
[15:41:23] [Worker-Main-6/INFO]: Preparing spawn area: 9%
[15:41:23] [Worker-Main-5/INFO]: Preparing spawn area: 24%
[15:41:24] [Worker-Main-4/INFO]: Preparing spawn area: 38%
[15:41:24] [Worker-Main-5/INFO]: Preparing spawn area: 53%
[15:41:25] [Worker-Main-6/INFO]: Preparing spawn area: 67%
[15:41:25] [Worker-Main-4/INFO]: Preparing spawn area: 84%
[15:41:26] [Server thread/INFO]: Time elapsed: 11577 ms
[15:41:26] [Server thread/INFO]: Preparing start region for dimension minecraft:the_end
[15:41:27] [Worker-Main-6/INFO]: Preparing spawn area: 0%
[15:41:27] [Worker-Main-5/INFO]: Preparing spawn area: 0%
[15:41:27] [Worker-Main-5/INFO]: Preparing spawn area: 0%
[15:41:28] [Worker-Main-6/INFO]: Preparing spawn area: 0%
[15:41:28] [Worker-Main-4/INFO]: Preparing spawn area: 2%
[15:41:28] [Worker-Main-4/INFO]: Preparing spawn area: 4%
[15:41:29] [Worker-Main-5/INFO]: Preparing spawn area: 33%
[15:41:30] [Server thread/INFO]: Time elapsed: 3566 ms
[15:41:30] [Server thread/INFO]: [GroupManager] Enabling GroupManager v2.9 (Phoenix)
[15:41:30] [Server thread/INFO]: [GroupManager] World Found: world
[15:41:30] [Server thread/INFO]: [GroupManager] Superperms support enabled.
[15:41:30] [Server thread/INFO]: [GroupManager] Scheduled Data Saving is set for every 10 minutes!
[15:41:30] [Server thread/INFO]: [GroupManager] Backups will be retained for 24 hours!
[15:41:30] [Server thread/INFO]: [GroupManager] version 2.9 (Phoenix) is enabled!
[15:41:30] [Server thread/INFO]: WEPIF: Using the Bukkit Permissions API.
[15:41:30] [Server thread/INFO]: Server permissions file permissions.yml is empty, ignoring it
[15:41:30] [Server thread/INFO]: Done (38.226s)! For help, type "help"
[15:41:30] [Server thread/INFO]: [GroupManager] Bukkit Permissions Updated!
[15:41:31] [Craft Scheduler Thread - 0/INFO]: [GroupManager] There was an issue parsing the version string.
[15:41:31] [Craft Scheduler Thread - 0/INFO]: [GroupManager] No new version available
[15:41:44] [Server thread/INFO]: Incorrect argument for command
[15:41:44] [Server thread/INFO]: gamemode 1 frogmixer<--[HERE]
[15:43:27] [Server thread/WARN]: Can't keep up! Is the server overloaded? Running 8679ms or 173 ticks behind
[15:45:36] [Server thread/WARN]: Can't keep up! Is the server overloaded? Running 102438ms or 2048 ticks behind
[21:18:03] [Server thread/INFO]: There are 0 of a max of 20 players online: 
